# Logfile created on 2015-10-27 00:49:25 -0400 by logger.rb/44203
D, [2015-10-27T00:49:25.756939 #4040] DEBUG -- : REQUESTING PAGE: GET / with {} and HTTP headers {}
D, [2015-10-27T00:49:51.518979 #5300] DEBUG -- : REQUESTING PAGE: GET / with {} and HTTP headers {}
D, [2015-10-27T00:50:01.116994 #4148] DEBUG -- : REQUESTING PAGE: GET / with {} and HTTP headers {}
D, [2015-10-27T01:14:00.643283 #4592] DEBUG -- : REQUESTING PAGE: GET / with {} and HTTP headers {}
D, [2015-10-27T01:14:42.782693 #2564] DEBUG -- : REQUESTING PAGE: GET / with {} and HTTP headers {}
D, [2015-10-27T01:15:24.673089 #5764] DEBUG -- : REQUESTING PAGE: GET / with {} and HTTP headers {}
D, [2015-10-27T01:15:59.344073 #5356] DEBUG -- : REQUESTING PAGE: GET / with {} and HTTP headers {}
D, [2015-10-27T01:16:51.811073 #1880] DEBUG -- : REQUESTING PAGE: GET / with {} and HTTP headers {}
D, [2015-10-27T01:17:14.475370 #5928] DEBUG -- : REQUESTING PAGE: GET / with {} and HTTP headers {}
D, [2015-10-27T01:20:17.693849 #1204] DEBUG -- : REQUESTING PAGE: GET / with {} and HTTP headers {}
D, [2015-10-27T01:21:03.506470 #5160] DEBUG -- : REQUESTING PAGE: GET / with {} and HTTP headers {}
D, [2015-10-27T01:24:04.142801 #2960] DEBUG -- : REQUESTING PAGE: GET / with {} and HTTP headers {}
D, [2015-10-27T01:24:16.192491 #3744] DEBUG -- : REQUESTING PAGE: GET / with {} and HTTP headers {}
D, [2015-10-27T01:26:15.185297 #4680] DEBUG -- : REQUESTING PAGE: GET / with {} and HTTP headers {}
D, [2015-10-27T01:31:53.455645 #4640] DEBUG -- : REQUESTING PAGE: GET / with {} and HTTP headers {}
D, [2015-10-27T01:32:07.514449 #6080] DEBUG -- : REQUESTING PAGE: GET / with {} and HTTP headers {}
D, [2015-10-27T01:52:22.357506 #5524] DEBUG -- : REQUESTING PAGE: GET / with {} and HTTP headers {}
D, [2015-10-27T01:53:27.233216 #3024] DEBUG -- : REQUESTING PAGE: GET / with {} and HTTP headers {}
D, [2015-10-27T01:53:27.319221 #3024] DEBUG -- : REQUESTING PAGE: GET / with {} and HTTP headers {}
D, [2015-10-27T01:53:27.345223 #3024] DEBUG -- : REQUESTING PAGE: GET / with {} and HTTP headers {}
D, [2015-10-27T01:54:38.426288 #5564] DEBUG -- : REQUESTING PAGE: GET / with {} and HTTP headers {}
D, [2015-10-27T01:54:38.513293 #5564] DEBUG -- : REQUESTING PAGE: GET / with {} and HTTP headers {}
D, [2015-10-27T01:54:38.538295 #5564] DEBUG -- : REQUESTING PAGE: GET / with {} and HTTP headers {}
D, [2015-10-27T02:08:17.823155 #3820] DEBUG -- : REQUESTING PAGE: GET / with {} and HTTP headers {}
D, [2015-10-27T02:08:17.902160 #3820] DEBUG -- : REQUESTING PAGE: GET / with {} and HTTP headers {}
D, [2015-10-27T02:08:17.925161 #3820] DEBUG -- : REQUESTING PAGE: GET / with {} and HTTP headers {}
D, [2015-10-27T02:08:17.948162 #3820] DEBUG -- : REQUESTING PAGE: GET / with {} and HTTP headers {}
D, [2015-10-27T02:08:48.337901 #5936] DEBUG -- : REQUESTING PAGE: GET / with {} and HTTP headers {}
D, [2015-10-27T02:08:48.424906 #5936] DEBUG -- : REQUESTING PAGE: GET / with {} and HTTP headers {}
D, [2015-10-27T02:08:48.449907 #5936] DEBUG -- : REQUESTING PAGE: GET / with {} and HTTP headers {}
D, [2015-10-27T02:08:48.476909 #5936] DEBUG -- : REQUESTING PAGE: GET / with {} and HTTP headers {}
D, [2015-10-27T02:09:58.110891 #2352] DEBUG -- : REQUESTING PAGE: GET / with {} and HTTP headers {}
D, [2015-10-27T02:09:58.196896 #2352] DEBUG -- : REQUESTING PAGE: GET / with {} and HTTP headers {}
D, [2015-10-27T02:09:58.221898 #2352] DEBUG -- : REQUESTING PAGE: GET / with {} and HTTP headers {}
D, [2015-10-27T02:09:58.245899 #2352] DEBUG -- : REQUESTING PAGE: GET / with {} and HTTP headers {}
D, [2015-10-27T02:10:19.357107 #792] DEBUG -- : REQUESTING PAGE: GET / with {} and HTTP headers {}
D, [2015-10-27T02:10:19.444112 #792] DEBUG -- : REQUESTING PAGE: GET / with {} and HTTP headers {}
D, [2015-10-27T02:10:19.470113 #792] DEBUG -- : REQUESTING PAGE: GET / with {} and HTTP headers {}
D, [2015-10-27T02:10:19.495115 #792] DEBUG -- : REQUESTING PAGE: GET / with {} and HTTP headers {}
D, [2015-10-27T02:11:24.324823 #3168] DEBUG -- : REQUESTING PAGE: GET / with {} and HTTP headers {}
D, [2015-10-27T02:11:24.410828 #3168] DEBUG -- : REQUESTING PAGE: GET / with {} and HTTP headers {}
D, [2015-10-27T02:11:24.456830 #3168] DEBUG -- : REQUESTING PAGE: GET / with {} and HTTP headers {}
D, [2015-10-27T02:11:24.478831 #3168] DEBUG -- : REQUESTING PAGE: GET / with {} and HTTP headers {}
D, [2015-10-27T02:15:33.094051 #4608] DEBUG -- : REQUESTING PAGE: GET / with {} and HTTP headers {}
D, [2015-10-27T02:15:33.176056 #4608] DEBUG -- : REQUESTING PAGE: GET / with {} and HTTP headers {}
D, [2015-10-27T02:15:33.188057 #4608] DEBUG -- : REQUESTING PAGE: GET /new_game with {} and HTTP headers {"HTTP_REFERER"=>"/"}
D, [2015-10-27T02:15:33.215058 #4608] DEBUG -- : REQUESTING PAGE: GET / with {} and HTTP headers {}
D, [2015-10-27T02:15:33.235059 #4608] DEBUG -- : REQUESTING PAGE: GET / with {} and HTTP headers {}
D, [2015-10-27T02:15:42.988617 #4136] DEBUG -- : REQUESTING PAGE: GET / with {} and HTTP headers {}
D, [2015-10-27T02:15:43.067622 #4136] DEBUG -- : REQUESTING PAGE: GET / with {} and HTTP headers {}
D, [2015-10-27T02:15:43.080623 #4136] DEBUG -- : REQUESTING PAGE: GET /new_game with {} and HTTP headers {"HTTP_REFERER"=>"/"}
D, [2015-10-27T02:15:43.105624 #4136] DEBUG -- : REQUESTING PAGE: GET / with {} and HTTP headers {}
D, [2015-10-27T02:15:43.127625 #4136] DEBUG -- : REQUESTING PAGE: GET / with {} and HTTP headers {}
D, [2015-10-27T02:17:45.220609 #4628] DEBUG -- : REQUESTING PAGE: GET / with {} and HTTP headers {}
D, [2015-10-27T02:17:45.300613 #4628] DEBUG -- : REQUESTING PAGE: GET / with {} and HTTP headers {}
D, [2015-10-27T02:17:45.312614 #4628] DEBUG -- : REQUESTING PAGE: GET /new_game with {} and HTTP headers {"HTTP_REFERER"=>"/"}
D, [2015-10-27T02:18:28.146064 #920] DEBUG -- : REQUESTING PAGE: GET / with {} and HTTP headers {}
D, [2015-10-27T02:18:28.224068 #920] DEBUG -- : REQUESTING PAGE: GET / with {} and HTTP headers {}
D, [2015-10-27T02:18:28.235069 #920] DEBUG -- : REQUESTING PAGE: GET /new_game with {} and HTTP headers {"HTTP_REFERER"=>"/"}
D, [2015-10-27T02:18:54.987599 #2528] DEBUG -- : REQUESTING PAGE: GET / with {} and HTTP headers {}
D, [2015-10-27T02:18:55.065604 #2528] DEBUG -- : REQUESTING PAGE: GET / with {} and HTTP headers {}
D, [2015-10-27T02:18:55.077604 #2528] DEBUG -- : REQUESTING PAGE: GET /new_game with {} and HTTP headers {"HTTP_REFERER"=>"/"}
D, [2015-10-27T02:19:33.245787 #5520] DEBUG -- : REQUESTING PAGE: GET / with {} and HTTP headers {}
D, [2015-10-27T02:19:33.323792 #5520] DEBUG -- : REQUESTING PAGE: GET / with {} and HTTP headers {}
D, [2015-10-27T02:19:33.335792 #5520] DEBUG -- : REQUESTING PAGE: GET /new_game with {} and HTTP headers {"HTTP_REFERER"=>"/"}
D, [2015-10-27T02:20:24.087695 #1644] DEBUG -- : REQUESTING PAGE: GET / with {} and HTTP headers {}
D, [2015-10-27T02:20:24.166700 #1644] DEBUG -- : REQUESTING PAGE: GET / with {} and HTTP headers {}
D, [2015-10-27T02:20:24.179701 #1644] DEBUG -- : REQUESTING PAGE: GET /new_game with {} and HTTP headers {"HTTP_REFERER"=>"/"}
D, [2015-10-27T02:20:24.193701 #1644] DEBUG -- : REQUESTING PAGE: GET game with {} and HTTP headers {}
D, [2015-10-27T02:20:24.213702 #1644] DEBUG -- : REQUESTING PAGE: GET game with {} and HTTP headers {}
D, [2015-10-27T02:26:18.504967 #4100] DEBUG -- : REQUESTING PAGE: GET / with {} and HTTP headers {}
D, [2015-10-27T02:26:18.588972 #4100] DEBUG -- : REQUESTING PAGE: GET / with {} and HTTP headers {}
D, [2015-10-27T02:26:18.600972 #4100] DEBUG -- : REQUESTING PAGE: GET /game with {} and HTTP headers {"HTTP_REFERER"=>"/"}
D, [2015-10-27T02:26:18.620973 #4100] DEBUG -- : REQUESTING PAGE: GET game with {} and HTTP headers {}
D, [2015-10-27T02:26:18.642975 #4100] DEBUG -- : REQUESTING PAGE: GET game with {} and HTTP headers {}
D, [2015-10-27T02:28:28.028375 #5532] DEBUG -- : REQUESTING PAGE: GET / with {} and HTTP headers {}
D, [2015-10-27T02:28:28.108380 #5532] DEBUG -- : REQUESTING PAGE: GET / with {} and HTTP headers {}
D, [2015-10-27T02:28:28.119380 #5532] DEBUG -- : REQUESTING PAGE: GET /game with {} and HTTP headers {"HTTP_REFERER"=>"/"}
D, [2015-10-27T02:28:28.140382 #5532] DEBUG -- : REQUESTING PAGE: GET game with {} and HTTP headers {}
D, [2015-10-27T02:28:28.161383 #5532] DEBUG -- : REQUESTING PAGE: GET game with {} and HTTP headers {}
D, [2015-10-27T02:28:28.182384 #5532] DEBUG -- : REQUESTING PAGE: GET game with {} and HTTP headers {}
D, [2015-10-27T02:28:28.204385 #5532] DEBUG -- : REQUESTING PAGE: GET game with {} and HTTP headers {}
D, [2015-10-27T02:29:13.277963 #3896] DEBUG -- : REQUESTING PAGE: GET / with {} and HTTP headers {}
D, [2015-10-27T02:29:13.358968 #3896] DEBUG -- : REQUESTING PAGE: GET / with {} and HTTP headers {}
D, [2015-10-27T02:29:13.369968 #3896] DEBUG -- : REQUESTING PAGE: GET /game with {} and HTTP headers {"HTTP_REFERER"=>"/"}
D, [2015-10-27T02:29:13.390970 #3896] DEBUG -- : REQUESTING PAGE: GET game with {} and HTTP headers {}
D, [2015-10-27T02:29:13.411971 #3896] DEBUG -- : REQUESTING PAGE: GET game with {} and HTTP headers {}
D, [2015-10-27T02:29:13.431972 #3896] DEBUG -- : REQUESTING PAGE: GET game with {} and HTTP headers {}
D, [2015-10-27T02:29:13.453973 #3896] DEBUG -- : REQUESTING PAGE: GET game with {} and HTTP headers {}
D, [2015-10-27T02:29:21.618440 #4880] DEBUG -- : REQUESTING PAGE: GET / with {} and HTTP headers {}
D, [2015-10-27T02:29:21.698445 #4880] DEBUG -- : REQUESTING PAGE: GET / with {} and HTTP headers {}
D, [2015-10-27T02:29:21.710446 #4880] DEBUG -- : REQUESTING PAGE: GET /game with {} and HTTP headers {"HTTP_REFERER"=>"/"}
D, [2015-10-27T02:29:21.730447 #4880] DEBUG -- : REQUESTING PAGE: GET game with {} and HTTP headers {}
D, [2015-10-27T02:29:21.751448 #4880] DEBUG -- : REQUESTING PAGE: GET game with {} and HTTP headers {}
D, [2015-10-27T02:29:21.773449 #4880] DEBUG -- : REQUESTING PAGE: GET game with {} and HTTP headers {}
D, [2015-10-27T02:29:21.795450 #4880] DEBUG -- : REQUESTING PAGE: GET game with {} and HTTP headers {}
D, [2015-10-27T02:29:28.744848 #5640] DEBUG -- : REQUESTING PAGE: GET / with {} and HTTP headers {}
D, [2015-10-27T02:29:28.826853 #5640] DEBUG -- : REQUESTING PAGE: GET / with {} and HTTP headers {}
D, [2015-10-27T02:29:28.837853 #5640] DEBUG -- : REQUESTING PAGE: GET /game with {} and HTTP headers {"HTTP_REFERER"=>"/"}
D, [2015-10-27T02:29:28.858854 #5640] DEBUG -- : REQUESTING PAGE: GET game with {} and HTTP headers {}
D, [2015-10-27T02:29:28.879856 #5640] DEBUG -- : REQUESTING PAGE: GET game with {} and HTTP headers {}
D, [2015-10-27T02:29:28.900857 #5640] DEBUG -- : REQUESTING PAGE: GET game with {} and HTTP headers {}
D, [2015-10-27T02:29:28.922858 #5640] DEBUG -- : REQUESTING PAGE: GET game with {} and HTTP headers {}
D, [2015-10-27T02:30:19.741765 #4064] DEBUG -- : REQUESTING PAGE: GET / with {} and HTTP headers {}
D, [2015-10-27T02:30:19.820769 #4064] DEBUG -- : REQUESTING PAGE: GET / with {} and HTTP headers {}
D, [2015-10-27T02:30:19.831770 #4064] DEBUG -- : REQUESTING PAGE: GET /game with {} and HTTP headers {"HTTP_REFERER"=>"/"}
D, [2015-10-27T02:30:19.851771 #4064] DEBUG -- : REQUESTING PAGE: GET game with {} and HTTP headers {}
D, [2015-10-27T02:30:19.872772 #4064] DEBUG -- : REQUESTING PAGE: GET game with {} and HTTP headers {}
D, [2015-10-27T02:30:19.894773 #4064] DEBUG -- : REQUESTING PAGE: GET game with {} and HTTP headers {}
D, [2015-10-27T02:30:19.934776 #4064] DEBUG -- : REQUESTING PAGE: GET game with {} and HTTP headers {}
D, [2015-10-27T02:31:47.815802 #5664] DEBUG -- : REQUESTING PAGE: GET / with {} and HTTP headers {}
D, [2015-10-27T02:31:47.896807 #5664] DEBUG -- : REQUESTING PAGE: GET / with {} and HTTP headers {}
D, [2015-10-27T02:31:47.908808 #5664] DEBUG -- : REQUESTING PAGE: GET /game with {} and HTTP headers {"HTTP_REFERER"=>"/"}
D, [2015-10-27T02:31:47.928809 #5664] DEBUG -- : REQUESTING PAGE: GET game with {} and HTTP headers {}
D, [2015-10-27T02:31:47.949810 #5664] DEBUG -- : REQUESTING PAGE: GET game with {} and HTTP headers {}
D, [2015-10-27T02:31:47.970811 #5664] DEBUG -- : REQUESTING PAGE: GET game with {} and HTTP headers {}
D, [2015-10-27T02:31:47.982812 #5664] DEBUG -- : REQUESTING PAGE: POST p2scores with {} and HTTP headers {"HTTP_REFERER"=>"game"}
D, [2015-10-27T02:31:48.007813 #5664] DEBUG -- : REQUESTING PAGE: GET game with {} and HTTP headers {}
D, [2015-10-27T02:31:48.020814 #5664] DEBUG -- : REQUESTING PAGE: POST p2scores with {} and HTTP headers {"HTTP_REFERER"=>"game"}
D, [2015-10-27T02:34:54.570484 #3232] DEBUG -- : REQUESTING PAGE: GET / with {} and HTTP headers {}
D, [2015-10-27T02:34:54.649489 #3232] DEBUG -- : REQUESTING PAGE: GET / with {} and HTTP headers {}
D, [2015-10-27T02:34:54.661489 #3232] DEBUG -- : REQUESTING PAGE: GET /game with {} and HTTP headers {"HTTP_REFERER"=>"/"}
D, [2015-10-27T02:34:54.684491 #3232] DEBUG -- : REQUESTING PAGE: GET game with {} and HTTP headers {}
D, [2015-10-27T02:34:54.706492 #3232] DEBUG -- : REQUESTING PAGE: GET game with {} and HTTP headers {}
D, [2015-10-27T02:34:54.727493 #3232] DEBUG -- : REQUESTING PAGE: GET game with {} and HTTP headers {}
D, [2015-10-27T02:34:54.740494 #3232] DEBUG -- : REQUESTING PAGE: POST p1scores with {} and HTTP headers {"HTTP_REFERER"=>"game"}
D, [2015-10-27T02:34:54.758495 #3232] DEBUG -- : REQUESTING PAGE: GET game with {} and HTTP headers {}
D, [2015-10-27T02:34:54.770495 #3232] DEBUG -- : REQUESTING PAGE: POST p2scores with {} and HTTP headers {"HTTP_REFERER"=>"game"}
D, [2015-11-03T00:25:43.822998 #7072] DEBUG -- : REQUESTING PAGE: GET / with {} and HTTP headers {}
D, [2015-11-03T00:25:43.892998 #7072] DEBUG -- : REQUESTING PAGE: GET / with {} and HTTP headers {}
D, [2015-11-03T00:25:43.902998 #7072] DEBUG -- : REQUESTING PAGE: GET /game with {} and HTTP headers {"HTTP_REFERER"=>"/"}
D, [2015-11-03T00:25:43.932998 #7072] DEBUG -- : REQUESTING PAGE: GET game with {} and HTTP headers {}
D, [2015-11-03T00:25:43.972998 #7072] DEBUG -- : REQUESTING PAGE: GET game with {} and HTTP headers {}
D, [2015-11-03T00:25:44.002998 #7072] DEBUG -- : REQUESTING PAGE: GET game with {} and HTTP headers {}
D, [2015-11-03T00:25:44.032998 #7072] DEBUG -- : REQUESTING PAGE: POST p1scores with {} and HTTP headers {"HTTP_REFERER"=>"game"}
D, [2015-11-03T00:25:44.052998 #7072] DEBUG -- : REQUESTING PAGE: GET game with {} and HTTP headers {}
D, [2015-11-03T00:25:44.082998 #7072] DEBUG -- : REQUESTING PAGE: POST p2scores with {} and HTTP headers {"HTTP_REFERER"=>"game"}
D, [2015-11-03T00:27:43.316225 #6652] DEBUG -- : REQUESTING PAGE: GET / with {} and HTTP headers {}
D, [2015-11-03T00:27:43.376225 #6652] DEBUG -- : REQUESTING PAGE: GET / with {} and HTTP headers {}
D, [2015-11-03T00:27:43.386225 #6652] DEBUG -- : REQUESTING PAGE: GET /game with {} and HTTP headers {"HTTP_REFERER"=>"/"}
D, [2015-11-03T00:27:43.416225 #6652] DEBUG -- : REQUESTING PAGE: GET game with {} and HTTP headers {}
D, [2015-11-03T00:27:43.446225 #6652] DEBUG -- : REQUESTING PAGE: GET game with {} and HTTP headers {}
D, [2015-11-03T00:27:43.486225 #6652] DEBUG -- : REQUESTING PAGE: GET game with {} and HTTP headers {}
D, [2015-11-03T00:27:43.506225 #6652] DEBUG -- : REQUESTING PAGE: POST p1scores with {} and HTTP headers {"HTTP_REFERER"=>"game"}
D, [2015-11-03T00:27:43.536225 #6652] DEBUG -- : REQUESTING PAGE: GET game with {} and HTTP headers {}
D, [2015-11-03T00:27:43.566225 #6652] DEBUG -- : REQUESTING PAGE: POST p2scores with {} and HTTP headers {"HTTP_REFERER"=>"game"}
